<?xml version="1.0" encoding="UTF-8"?>
<!-- Generated by org.testng.reporters.JUnitXMLReporter -->
<testsuite ignored="0" hostname="KNOLSKAPE-L95" failures="0" tests="2" name="Default test" time="12.48" errors="0" timestamp="16 Dec 2020 18:52:32 GMT">
  <testcase classname="webscrapping_mongodb.seleniumWebScrapper.WebscrapTest" name="webScrapper" time="2.37"/>
  <testcase classname="webscrapping_mongodb.seleniumWebScrapper.WebscrapTest" name="webScrapper" time="4.936"/>
</testsuite> <!-- Default test -->
